<?xml version="1.0" encoding="UTF-8"?>
<!-- Generated by org.testng.reporters.JUnitXMLReporter -->
<testsuite ignored="0" hostname="DESKTOP-AQKO3ES" failures="0" tests="9" name="Test" time="0.317" errors="0" timestamp="2021-11-05T22:25:35 IST">
  <testcase classname="maven20102021.amazon.com.Dependency2_Method" name="beans" time="0.03"/>
  <testcase classname="maven20102021.amazon.com.Dependency2_Method" name="carrot" time="0.004"/>
  <testcase classname="maven20102021.amazon.com.Dependency_Method" name="apple" time="0.005"/>
  <testcase classname="maven20102021.amazon.com.Dependency_Method" name="grapes" time="0.006"/>
  <testcase classname="maven20102021.amazon.com.Dependency_Method" name="mango" time="0.004"/>
  <testcase classname="maven20102021.amazon.com.Dependency2_Method" name="potato" time="0.004"/>
  <testcase classname="maven20102021.amazon.com.Dependency2_Method" name="tomato" time="0.005"/>
  <testcase classname="maven20102021.amazon.com.Dependency_Method" name="fruits" time="0.003"/>
  <testcase classname="maven20102021.amazon.com.Dependency2_Method" name="vegetables" time="0.008"/>
</testsuite> <!-- Test -->
