<?xml version="1.0" encoding="UTF-8"?>
<testng-results ignored="0" total="9" passed="9" failed="0" skipped="0">
  <reporter-output>
  </reporter-output>
  <suite started-at="2021-11-08T11:57:08 IST" name="Default suite" finished-at="2021-11-08T11:57:09 IST" duration-ms="278">
    <groups>
    </groups>
    <test started-at="2021-11-08T11:57:08 IST" name="Default test" finished-at="2021-11-08T11:57:09 IST" duration-ms="278">
      <class name="maven20102021.amazon.com.Dependency2_Method">
        <test-method signature="beans()[pri:0, instance:maven20102021.amazon.com.Dependency2_Method@503d687a]" started-at="2021-11-08T11:57:09 IST" name="beans" finished-at="2021-11-08T11:57:09 IST" duration-ms="27" status="PASS">
          <reporter-output>
          </reporter-output>
        </test-method> <!-- beans -->
        <test-method signature="carrot()[pri:0, instance:maven20102021.amazon.com.Dependency2_Method@503d687a]" started-at="2021-11-08T11:57:09 IST" name="carrot" finished-at="2021-11-08T11:57:09 IST" duration-ms="4" status="PASS">
          <reporter-output>
          </reporter-output>
        </test-method> <!-- carrot -->
        <test-method signature="potato()[pri:0, instance:maven20102021.amazon.com.Dependency2_Method@503d687a]" started-at="2021-11-08T11:57:09 IST" name="potato" finished-at="2021-11-08T11:57:09 IST" duration-ms="4" status="PASS">
          <reporter-output>
          </reporter-output>
        </test-method> <!-- potato -->
        <test-method signature="tomato()[pri:0, instance:maven20102021.amazon.com.Dependency2_Method@503d687a]" started-at="2021-11-08T11:57:09 IST" name="tomato" finished-at="2021-11-08T11:57:09 IST" duration-ms="6" status="PASS">
          <reporter-output>
          </reporter-output>
        </test-method> <!-- tomato -->
        <test-method signature="grapes()[pri:0, instance:maven20102021.amazon.com.Dependency2_Method@503d687a]" started-at="2021-11-08T11:57:09 IST" name="grapes" finished-at="2021-11-08T11:57:09 IST" duration-ms="4" status="PASS">
          <reporter-output>
          </reporter-output>
        </test-method> <!-- grapes -->
        <test-method signature="mango()[pri:0, instance:maven20102021.amazon.com.Dependency2_Method@503d687a]" started-at="2021-11-08T11:57:09 IST" name="mango" finished-at="2021-11-08T11:57:09 IST" duration-ms="4" status="PASS">
          <reporter-output>
          </reporter-output>
        </test-method> <!-- mango -->
        <test-method signature="apple()[pri:0, instance:maven20102021.amazon.com.Dependency2_Method@503d687a]" started-at="2021-11-08T11:57:09 IST" name="apple" finished-at="2021-11-08T11:57:09 IST" duration-ms="4" status="PASS">
          <reporter-output>
          </reporter-output>
        </test-method> <!-- apple -->
        <test-method signature="vegetables()[pri:0, instance:maven20102021.amazon.com.Dependency2_Method@503d687a]" started-at="2021-11-08T11:57:09 IST" name="vegetables" finished-at="2021-11-08T11:57:09 IST" depends-on-methods="maven20102021.amazon.com.Dependency2_Method.tomato" duration-ms="6" status="PASS">
          <reporter-output>
          </reporter-output>
        </test-method> <!-- vegetables -->
        <test-method signature="fruits()[pri:0, instance:maven20102021.amazon.com.Dependency2_Method@503d687a]" started-at="2021-11-08T11:57:09 IST" name="fruits" finished-at="2021-11-08T11:57:09 IST" depends-on-methods="maven20102021.amazon.com.Dependency_Method.grapes, maven20102021.amazon.com.Dependency_Method.mango" duration-ms="3" status="PASS">
          <reporter-output>
          </reporter-output>
        </test-method> <!-- fruits -->
      </class> <!-- maven20102021.amazon.com.Dependency2_Method -->
    </test> <!-- Default test -->
  </suite> <!-- Default suite -->
</testng-results>
